\BOOKMARK [1][-]{section.1}{Introduction}{}% 1
\BOOKMARK [2][-]{subsection.1.1}{Motivation}{section.1}% 2
\BOOKMARK [1][-]{section.2}{Methodology}{}% 3
\BOOKMARK [2][-]{subsection.2.1}{Test-Driven Development}{section.2}% 4
\BOOKMARK [2][-]{subsection.2.2}{Agile}{section.2}% 5
\BOOKMARK [1][-]{section.3}{Design}{}% 6
\BOOKMARK [2][-]{subsection.3.1}{Overview}{section.3}% 7
\BOOKMARK [2][-]{subsection.3.2}{Backend}{section.3}% 8
\BOOKMARK [2][-]{subsection.3.3}{Networking}{section.3}% 9
\BOOKMARK [3][-]{subsubsection.3.3.1}{Introduction}{subsection.3.3}% 10
\BOOKMARK [3][-]{subsubsection.3.3.2}{Server}{subsection.3.3}% 11
\BOOKMARK [3][-]{subsubsection.3.3.3}{Client}{subsection.3.3}% 12
\BOOKMARK [3][-]{subsubsection.3.3.4}{Communication}{subsection.3.3}% 13
\BOOKMARK [2][-]{subsection.3.4}{User Interface}{section.3}% 14
\BOOKMARK [2][-]{subsection.3.5}{Algorithms}{section.3}% 15
\BOOKMARK [3][-]{subsubsection.3.5.1}{Evaluating Hand Strength}{subsection.3.5}% 16
\BOOKMARK [3][-]{subsubsection.3.5.2}{Reconnecting a player}{subsection.3.5}% 17
\BOOKMARK [1][-]{section.4}{Implementation}{}% 18
\BOOKMARK [2][-]{subsection.4.1}{Project Requirements}{section.4}% 19
\BOOKMARK [3][-]{subsubsection.4.1.1}{Backend}{subsection.4.1}% 20
\BOOKMARK [3][-]{subsubsection.4.1.2}{Server}{subsection.4.1}% 21
\BOOKMARK [3][-]{subsubsection.4.1.3}{Application}{subsection.4.1}% 22
\BOOKMARK [2][-]{subsection.4.2}{Client}{section.4}% 23
\BOOKMARK [3][-]{subsubsection.4.2.1}{Development}{subsection.4.2}% 24
\BOOKMARK [2][-]{subsection.4.3}{Server}{section.4}% 25
\BOOKMARK [3][-]{subsubsection.4.3.1}{Overview}{subsection.4.3}% 26
\BOOKMARK [3][-]{subsubsection.4.3.2}{Development}{subsection.4.3}% 27
\BOOKMARK [2][-]{subsection.4.4}{Data Classes}{section.4}% 28
\BOOKMARK [3][-]{subsubsection.4.4.1}{Overview}{subsection.4.4}% 29
\BOOKMARK [3][-]{subsubsection.4.4.2}{Face / Suit}{subsection.4.4}% 30
\BOOKMARK [2][-]{subsection.4.5}{Build System}{section.4}% 31
\BOOKMARK [1][-]{section.5}{Evaluation}{}% 32
\BOOKMARK [2][-]{subsection.5.1}{Unit Testing}{section.5}% 33
\BOOKMARK [2][-]{subsection.5.2}{Testing network code}{section.5}% 34
\BOOKMARK [1][-]{section.6}{Summary and Reflections}{}% 35
\BOOKMARK [2][-]{subsection.6.1}{Management}{section.6}% 36
\BOOKMARK [2][-]{subsection.6.2}{Contributions and Reflections}{section.6}% 37
\BOOKMARK [3][-]{subsubsection.6.2.1}{Build system}{subsection.6.2}% 38
\BOOKMARK [3][-]{subsubsection.6.2.2}{Data classes}{subsection.6.2}% 39
\BOOKMARK [2][-]{subsection.6.3}{COVID-19 Impact}{section.6}% 40
\BOOKMARK [2][-]{subsection.6.4}{Conclusion}{section.6}% 41
\BOOKMARK [1][-]{section.7}{Appendix}{}% 42
\BOOKMARK [2][-]{subsection.7.1}{Gantt Chart}{section.7}% 43
\BOOKMARK [2][-]{subsection.7.2}{Poker Evaluation Algorithm}{section.7}% 44
\BOOKMARK [1][-]{section.8}{Bibliography}{}% 45
